<?xml version="1.0" encoding="UTF-8"?>
<!-- Generated by org.testng.reporters.JUnitXMLReporter -->
<testsuite ignored="2" hostname="DESKTOP-U77UADM" failures="0" tests="1" name="Default test" time="6.34" errors="0" timestamp="2025-02-13T23:25:11 BDT">
  <testcase classname="com.tests.SortingTest" name="testSortingByHighToLow" time="4.375"/>
  <testcase classname="com.tests.SortingTest" name="testSortingBylowToHigh" time="0.0">
    <ignored/>
  </testcase> <!-- testSortingBylowToHigh -->
  <testcase classname="com.tests.SortingTest" name="testSortingByZtoA" time="0.0">
    <ignored/>
  </testcase> <!-- testSortingByZtoA -->
</testsuite> <!-- Default test -->
