<?xml version="1.0" encoding="UTF-8"?>
<testng-results ignored="0" total="1" passed="1" failed="0" skipped="0">
  <reporter-output>
  </reporter-output>
  <suite started-at="2025-02-13T23:25:05 BDT" name="Default suite" finished-at="2025-02-13T23:25:11 BDT" duration-ms="6340">
    <groups>
    </groups>
    <test started-at="2025-02-13T23:25:05 BDT" name="Default test" finished-at="2025-02-13T23:25:11 BDT" duration-ms="6340">
      <class name="com.tests.SortingTest">
        <test-method is-config="true" signature="startBrowser()[pri:0, instance:com.tests.SortingTest@7ae0a9ec]" started-at="2025-02-13T23:25:02 BDT" name="startBrowser" finished-at="2025-02-13T23:25:05 BDT" duration-ms="2644" status="PASS">
          <reporter-output>
          </reporter-output>
        </test-method> <!-- startBrowser -->
        <test-method is-config="true" signature="openUrl()[pri:0, instance:com.tests.SortingTest@7ae0a9ec]" started-at="2025-02-13T23:25:05 BDT" name="openUrl" finished-at="2025-02-13T23:25:07 BDT" duration-ms="1885" status="PASS">
          <reporter-output>
          </reporter-output>
        </test-method> <!-- openUrl -->
        <test-method signature="testSortingByHighToLow()[pri:2, instance:com.tests.SortingTest@7ae0a9ec]" started-at="2025-02-13T23:25:07 BDT" name="testSortingByHighToLow" finished-at="2025-02-13T23:25:11 BDT" duration-ms="4375" status="PASS">
          <reporter-output>
          </reporter-output>
        </test-method> <!-- testSortingByHighToLow -->
        <test-method is-config="true" signature="closeBrower()[pri:0, instance:com.tests.SortingTest@7ae0a9ec]" started-at="2025-02-13T23:25:11 BDT" name="closeBrower" finished-at="2025-02-13T23:25:15 BDT" duration-ms="3185" status="PASS">
          <reporter-output>
          </reporter-output>
        </test-method> <!-- closeBrower -->
      </class> <!-- com.tests.SortingTest -->
    </test> <!-- Default test -->
  </suite> <!-- Default suite -->
</testng-results>
